<?xml version="1.0" encoding="UTF-8"?>
<!-- Generated by org.testng.reporters.JUnitReportReporter -->
<testsuite hostname="Gayatri-LP" failures="0" tests="1" name="com.grid.docker.FirefoxTest" time="40.868" errors="0" timestamp="2022-11-22T00:14:10 PST" skipped="0">
  <testcase classname="com.grid.docker.FirefoxTest" name="remoteFirefoxDriverTest" time="40.868"/>
  <system-out/>
</testsuite> <!-- com.grid.docker.FirefoxTest -->
