<?xml version="1.0" encoding="UTF-8"?>
<!-- Generated by org.testng.reporters.JUnitReportReporter -->
<testsuite hostname="Gayatri-LP" failures="0" tests="1" name="com.grid.docker.BrowserTestUsingGridDocker" time="12.830" errors="0" timestamp="2023-01-07T23:48:10 PST" skipped="0">
  <testcase classname="com.grid.docker.BrowserTestUsingGridDocker" name="remoteChromeDriverTest" time="12.830"/>
  <system-out/>
</testsuite> <!-- com.grid.docker.BrowserTestUsingGridDocker -->
