<?xml version="1.0" encoding="UTF-8"?>
<!-- Generated by org.testng.reporters.JUnitReportReporter -->
<testsuite hostname="Gayatri-LP" failures="0" tests="3" name="com.grid.docker.BrowserTestUsingGridDocker" time="161.292" errors="0" timestamp="2023-01-07T23:56:18 PST" skipped="0">
  <testcase classname="com.grid.docker.BrowserTestUsingGridDocker" name="remoteEdgeDriverTest" time="94.103"/>
  <system-out/>
  <testcase classname="com.grid.docker.BrowserTestUsingGridDocker" name="remoteChromeDriverTest" time="20.233"/>
  <system-out/>
  <testcase classname="com.grid.docker.BrowserTestUsingGridDocker" name="remoteFirefoxDriverTest" time="46.956"/>
  <system-out/>
</testsuite> <!-- com.grid.docker.BrowserTestUsingGridDocker -->
