<?xml version="1.0" encoding="UTF-8"?>
<!-- Generated by org.testng.reporters.JUnitReportReporter -->
<testsuite hostname="Gayatri-LP" failures="0" tests="3" name="com.grid.docker.BrowserTestUsingGridDocker" time="140.089" errors="0" timestamp="2023-01-08T01:32:15 PST" skipped="0">
  <testcase classname="com.grid.docker.BrowserTestUsingGridDocker" name="remoteEdgeDriverTest" time="74.154"/>
  <system-out/>
  <testcase classname="com.grid.docker.BrowserTestUsingGridDocker" name="remoteChromeDriverTest" time="25.015"/>
  <system-out/>
  <testcase classname="com.grid.docker.BrowserTestUsingGridDocker" name="remoteFirefoxDriverTest" time="40.920"/>
  <system-out/>
</testsuite> <!-- com.grid.docker.BrowserTestUsingGridDocker -->
